[ 2017-06-24T18:19:21+08:00 ] 127.0.0.1 /favicon.ico
INFO: [ app_init ] --START--
INFO: Run Behavior\BuildLiteBehavior [ RunTime:0.000000s ]
INFO: [ app_init ] --END-- [ RunTime:0.000000s ]
ERR: 无法加载模块:Favicon

[ 2017-06-24T19:07:36+08:00 ] 127.0.0.1 /Public/App/aaa.js?dt=1498302456
INFO: [ app_init ] --START--
INFO: Run Behavior\BuildLiteBehavior [ RunTime:0.000000s ]
INFO: [ app_init ] --END-- [ RunTime:0.001000s ]
ERR: 无法加载模块:Public

[ 2017-06-24T19:07:37+08:00 ] 127.0.0.1 /Public/App/aaa.js?dt=1498302456
INFO: [ app_init ] --START--
INFO: Run Behavior\BuildLiteBehavior [ RunTime:0.000000s ]
INFO: [ app_init ] --END-- [ RunTime:0.000000s ]
ERR: 无法加载模块:Public

[ 2017-06-24T19:07:54+08:00 ] 127.0.0.1 /Public/App/aaa.js?dt=1498302474
INFO: [ app_init ] --START--
INFO: Run Behavior\BuildLiteBehavior [ RunTime:0.000000s ]
INFO: [ app_init ] --END-- [ RunTime:0.001000s ]
ERR: 无法加载模块:Public

[ 2017-06-24T19:07:55+08:00 ] 127.0.0.1 /Public/App/aaa.js?dt=1498302474
INFO: [ app_init ] --START--
INFO: Run Behavior\BuildLiteBehavior [ RunTime:0.000000s ]
INFO: [ app_init ] --END-- [ RunTime:0.000000s ]
ERR: 无法加载模块:Public

[ 2017-06-24T21:44:59+08:00 ] 127.0.0.1 /BILL/List.js?_dc=1498311899766
INFO: [ app_init ] --START--
INFO: Run Behavior\BuildLiteBehavior [ RunTime:0.000000s ]
INFO: [ app_init ] --END-- [ RunTime:0.000000s ]
ERR: 无法加载模块:BILL

[ 2017-06-24T21:53:40+08:00 ] 127.0.0.1 /BILL/List.js?_dc=1498312420423
INFO: [ app_init ] --START--
INFO: Run Behavior\BuildLiteBehavior [ RunTime:0.000000s ]
INFO: [ app_init ] --END-- [ RunTime:0.001000s ]
ERR: 无法加载模块:BILL

[ 2017-06-24T21:54:13+08:00 ] 127.0.0.1 /BILL/List.js?_dc=1498312453075
INFO: [ app_init ] --START--
INFO: Run Behavior\BuildLiteBehavior [ RunTime:0.000000s ]
INFO: [ app_init ] --END-- [ RunTime:0.001000s ]
ERR: 无法加载模块:BILL

[ 2017-06-24T22:10:11+08:00 ] 127.0.0.1 /BILL/List.js?_dc=1498313411125
INFO: [ app_init ] --START--
INFO: Run Behavior\BuildLiteBehavior [ RunTime:0.000000s ]
INFO: [ app_init ] --END-- [ RunTime:0.000000s ]
ERR: 无法加载模块:BILL

[ 2017-06-24T22:10:28+08:00 ] 127.0.0.1 /BILL/List.js?_dc=1498313428068
INFO: [ app_init ] --START--
INFO: Run Behavior\BuildLiteBehavior [ RunTime:0.000000s ]
INFO: [ app_init ] --END-- [ RunTime:0.000000s ]
ERR: 无法加载模块:BILL

[ 2017-06-24T23:49:17+08:00 ] 127.0.0.1 /BILL/List.js?_dc=1498319357682
INFO: [ app_init ] --START--
INFO: Run Behavior\BuildLiteBehavior [ RunTime:0.000000s ]
INFO: [ app_init ] --END-- [ RunTime:0.000000s ]
ERR: 无法加载模块:BILL

